INFO  06:08:18 Application started. Press Ctrl+C to shut down.
INFO  06:08:18 Application started. Press Ctrl+C to shut down.
INFO  06:08:18 Hosting environment: Development
INFO  06:08:18 Hosting environment: Development
INFO  06:08:18 Content root path: C:\Users\Shailesh\source\repos\AdminAPI\AdminAPI
INFO  06:08:18 Content root path: C:\Users\Shailesh\source\repos\AdminAPI\AdminAPI
INFO  06:08:39 AdminController - GetAllPassengerDetail
INFO  06:08:56 AdminController - GetAllBookingDetail
INFO  07:04:10 Application started. Press Ctrl+C to shut down.
INFO  07:04:10 Application started. Press Ctrl+C to shut down.
INFO  07:04:10 Hosting environment: Development
INFO  07:04:10 Hosting environment: Development
INFO  07:04:10 Content root path: C:\Users\Shailesh\source\repos\AdminAPI\AdminAPI
INFO  07:04:10 Content root path: C:\Users\Shailesh\source\repos\AdminAPI\AdminAPI
INFO  07:04:20 AdminController - GetAllPassengerDetail
INFO  11:03:05 Application started. Press Ctrl+C to shut down.
INFO  11:03:05 Application started. Press Ctrl+C to shut down.
INFO  11:03:05 Hosting environment: Development
INFO  11:03:05 Hosting environment: Development
INFO  11:03:05 Content root path: C:\Users\Shailesh\source\repos\AdminAPI\AdminAPI
INFO  11:03:05 Content root path: C:\Users\Shailesh\source\repos\AdminAPI\AdminAPI
INFO  11:03:24 AdminController - GetAllPassengerDetail
INFO  11:03:54 AdminController - GetAllBookingDetail
INFO  04:45:12 Application started. Press Ctrl+C to shut down.
INFO  04:45:12 Application started. Press Ctrl+C to shut down.
INFO  04:45:12 Hosting environment: Development
INFO  04:45:12 Hosting environment: Development
INFO  04:45:12 Content root path: C:\Users\Shailesh\source\repos\AdminAPI\AdminAPI
INFO  04:45:12 Content root path: C:\Users\Shailesh\source\repos\AdminAPI\AdminAPI
INFO  04:46:05 AdminController - GetAllPassengerDetail
INFO  04:51:48 AdminController - GetAllBookingDetail
